#
# There is insufficient memory for the Java Runtime Environment to continue.
# Native memory allocation (malloc) failed to allocate 1003376 bytes. Error detail: Chunk::new
# Possible reasons:
#   The system is out of physical RAM or swap space
#   This process is running with CompressedOops enabled, and the Java Heap may be blocking the growth of the native heap
# Possible solutions:
#   Reduce memory load on the system
#   Increase physical memory or swap space
#   Check if swap backing store is full
#   Decrease Java heap size (-Xmx/-Xms)
#   Decrease number of Java threads
#   Decrease Java thread stack sizes (-Xss)
#   Set larger code cache with -XX:ReservedCodeCacheSize=
#   JVM is running with Zero Based Compressed Oops mode in which the Java heap is
#     placed in the first 32GB address space. The Java Heap base address is the
#     maximum limit for the native heap growth. Please use -XX:HeapBaseMinAddress
#     to set the Java Heap base and to place the Java Heap above 32GB virtual address.
# This output file may be truncated or incomplete.
#
#  Out of Memory Error (arena.cpp:149), pid=21392, tid=7736
#
# JRE version: Java(TM) SE Runtime Environment (23.0+37) (build 23+37-2369)
# Java VM: Java HotSpot(TM) 64-Bit Server VM (23+37-2369, mixed mode, sharing, tiered, compressed oops, compressed class ptrs, g1 gc, windows-amd64)
# No core dump will be written. Minidumps are not enabled by default on client versions of Windows
#

---------------  S U M M A R Y ------------

Command Line: -Dfile.encoding=UTF-8 aplikasi_kasir.dashboard_owner

Host: AMD Ryzen 5 7540U w/ Radeon(TM) 740M Graphics  , 12 cores, 13G,  Windows 11 , 64 bit Build 22621 (10.0.22621.4655)
Time: Fri Dec 27 14:49:53 2024 SE Asia Standard Time elapsed time: 1808.608551 seconds (0d 0h 30m 8s)

---------------  T H R E A D  ---------------

Current thread (0x000002017eb9c500):  JavaThread "C2 CompilerThread0" daemon [_thread_in_native, id=7736, stack(0x0000002afbd00000,0x0000002afbe00000) (1024K)]


Current CompileTask:
C2:1808608 2665 %     4       sun.java2d.marlin.Renderer::_endRendering @ 568 (2646 bytes)

Stack: [0x0000002afbd00000,0x0000002afbe00000]
Native frames: (J=compiled Java code, j=interpreted, Vv=VM code, C=native code)
V  [jvm.dll+0x6e08a9]  (no source info available)
V  [jvm.dll+0x87da63]  (no source info available)
V  [jvm.dll+0x87feee]  (no source info available)
V  [jvm.dll+0x8805c3]  (no source info available)
V  [jvm.dll+0x27aee6]  (no source info available)
V  [jvm.dll+0xbc06f]  (no source info available)
V  [jvm.dll+0xbc2cb]  (no source info available)
V  [jvm.dll+0x3b3a62]  (no source info available)
V  [jvm.dll+0x1dc39e]  (no source info available)
V  [jvm.dll+0x244be5]  (no source info available)
V  [jvm.dll+0x243dff]  (no source info available)
V  [jvm.dll+0x1c33a0]  (no source info available)
V  [jvm.dll+0x253cf1]  (no source info available)
V  [jvm.dll+0x251faa]  (no source info available)
V  [jvm.dll+0x3ee036]  (no source info available)
V  [jvm.dll+0x824f1b]  (no source info available)
V  [jvm.dll+0x6df055]  (no source info available)
C  [ucrtbase.dll+0x29333]  (no source info available)
C  [KERNEL32.DLL+0x1259d]  (no source info available)
C  [ntdll.dll+0x5af38]  (no source info available)

Lock stack of current Java thread (top to bottom):


---------------  P R O C E S S  ---------------

Threads class SMR info:
_java_thread_list=0x000002018caa2e50, length=18, elements={
0x000002017eb8b9d0, 0x000002017eb8c6f0, 0x000002017eb8f890, 0x000002017eb90550,
0x000002017eb91310, 0x000002017eb91ff0, 0x000002017eb9c500, 0x000002017eb9dfc0,
0x0000020154171d10, 0x0000020154178fb0, 0x00000201543169f0, 0x0000020154318dd0,
0x000002015431c970, 0x00000201543a1300, 0x000002016ed58e60, 0x000002018a749930,
0x000002018a7ea6e0, 0x000002018abe5150
}

Java Threads: ( => current thread )
  0x000002017eb8b9d0 JavaThread "Reference Handler"          daemon [_thread_blocked, id=16668, stack(0x0000002afb700000,0x0000002afb800000) (1024K)]
  0x000002017eb8c6f0 JavaThread "Finalizer"                  daemon [_thread_blocked, id=16972, stack(0x0000002afb800000,0x0000002afb900000) (1024K)]
  0x000002017eb8f890 JavaThread "Signal Dispatcher"          daemon [_thread_blocked, id=21788, stack(0x0000002afb900000,0x0000002afba00000) (1024K)]
  0x000002017eb90550 JavaThread "Attach Listener"            daemon [_thread_blocked, id=19692, stack(0x0000002afba00000,0x0000002afbb00000) (1024K)]
  0x000002017eb91310 JavaThread "Service Thread"             daemon [_thread_blocked, id=22480, stack(0x0000002afbb00000,0x0000002afbc00000) (1024K)]
  0x000002017eb91ff0 JavaThread "Monitor Deflation Thread"   daemon [_thread_blocked, id=21580, stack(0x0000002afbc00000,0x0000002afbd00000) (1024K)]
=>0x000002017eb9c500 JavaThread "C2 CompilerThread0"         daemon [_thread_in_native, id=7736, stack(0x0000002afbd00000,0x0000002afbe00000) (1024K)]
  0x000002017eb9dfc0 JavaThread "C1 CompilerThread0"         daemon [_thread_blocked, id=21748, stack(0x0000002afbe00000,0x0000002afbf00000) (1024K)]
  0x0000020154171d10 JavaThread "Notification Thread"        daemon [_thread_blocked, id=22224, stack(0x0000002afbf00000,0x0000002afc000000) (1024K)]
  0x0000020154178fb0 JavaThread "Common-Cleaner"             daemon [_thread_blocked, id=21940, stack(0x0000002afc000000,0x0000002afc100000) (1024K)]
  0x00000201543169f0 JavaThread "Java2D Disposer"            daemon [_thread_blocked, id=20436, stack(0x0000002afc100000,0x0000002afc200000) (1024K)]
  0x0000020154318dd0 JavaThread "AWT-Shutdown"                      [_thread_blocked, id=19880, stack(0x0000002afc200000,0x0000002afc300000) (1024K)]
  0x000002015431c970 JavaThread "AWT-Windows"                daemon [_thread_in_native, id=22156, stack(0x0000002afc300000,0x0000002afc400000) (1024K)]
  0x00000201543a1300 JavaThread "AWT-EventQueue-0"                  [_thread_in_native, id=8704, stack(0x0000002afc400000,0x0000002afc500000) (1024K)]
  0x000002016ed58e60 JavaThread "DestroyJavaVM"                     [_thread_blocked, id=23856, stack(0x0000002afaf00000,0x0000002afb000000) (1024K)]
  0x000002018a749930 JavaThread "TimerQueue"                 daemon [_thread_blocked, id=11376, stack(0x0000002afd900000,0x0000002afda00000) (1024K)]
  0x000002018a7ea6e0 JavaThread "D3D Screen Updater"         daemon [_thread_blocked, id=15528, stack(0x0000002afdd00000,0x0000002afde00000) (1024K)]
  0x000002018abe5150 JavaThread "mysql-cj-abandoned-connection-cleanup" daemon [_thread_blocked, id=7360, stack(0x0000002afd800000,0x0000002afd900000) (1024K)]
Total: 18

Other Threads:
  0x000002017eb701e0 VMThread "VM Thread"                           [id=23076, stack(0x0000002afb600000,0x0000002afb700000) (1024K)]
  0x000002017eb5d710 WatcherThread "VM Periodic Task Thread"        [id=19852, stack(0x0000002afb500000,0x0000002afb600000) (1024K)]
  0x000002016edb96a0 WorkerThread "GC Thread#0"                     [id=924, stack(0x0000002afb000000,0x0000002afb100000) (1024K)]
  0x000002018a8b0500 WorkerThread "GC Thread#1"                     [id=22516, stack(0x0000002afe000000,0x0000002afe100000) (1024K)]
  0x000002018a8b08b0 WorkerThread "GC Thread#2"                     [id=24548, stack(0x0000002afe100000,0x0000002afe200000) (1024K)]
  0x000002018a8b0c60 WorkerThread "GC Thread#3"                     [id=21456, stack(0x0000002afe200000,0x0000002afe300000) (1024K)]
  0x000002018b3ad170 WorkerThread "GC Thread#4"                     [id=21900, stack(0x0000002afe300000,0x0000002afe400000) (1024K)]
  0x000002018b3ac660 WorkerThread "GC Thread#5"                     [id=14292, stack(0x0000002afe400000,0x0000002afe500000) (1024K)]
  0x000002018b3ad520 WorkerThread "GC Thread#6"                     [id=16632, stack(0x0000002afe500000,0x0000002afe600000) (1024K)]
  0x000002018b3a9a20 WorkerThread "GC Thread#7"                     [id=23792, stack(0x0000002afe600000,0x0000002afe700000) (1024K)]
  0x000002018b3a9dd0 WorkerThread "GC Thread#8"                     [id=23748, stack(0x0000002afe700000,0x0000002afe800000) (1024K)]
  0x000002018b3abb50 WorkerThread "GC Thread#9"                     [id=22988, stack(0x0000002afe800000,0x0000002afe900000) (1024K)]
  0x000002016edcda50 ConcurrentGCThread "G1 Main Marker"            [id=24344, stack(0x0000002afb100000,0x0000002afb200000) (1024K)]
  0x000002016edce610 WorkerThread "G1 Conc#0"                       [id=2788, stack(0x0000002afb200000,0x0000002afb300000) (1024K)]
  0x000002018b3abf00 WorkerThread "G1 Conc#1"                       [id=21176, stack(0x0000002afd700000,0x0000002afd800000) (1024K)]
  0x000002018b3ac2b0 WorkerThread "G1 Conc#2"                       [id=18632, stack(0x0000002afdf00000,0x0000002afe000000) (1024K)]
  0x000002017ea30570 ConcurrentGCThread "G1 Refine#0"               [id=21128, stack(0x0000002afb300000,0x0000002afb400000) (1024K)]
  0x000002017ea30e90 ConcurrentGCThread "G1 Service"                [id=20944, stack(0x0000002afb400000,0x0000002afb500000) (1024K)]
Total: 18

Threads with active compile tasks:
C2 CompilerThread0  1808693 2665 %     4       sun.java2d.marlin.Renderer::_endRendering @ 568 (2646 bytes)
C1 CompilerThread0  1808693 2724       3       java.util.HashMap::<init> (98 bytes)
Total: 2

VM state: not at safepoint (normal execution)

VM Mutex/Monitor currently owned by a thread: None

Heap address: 0x0000000723000000, size: 3536 MB, Compressed Oops mode: Zero based, Oop shift amount: 3

CDS archive(s) mapped at: [0x000002010f000000-0x000002010fd70000-0x000002010fd70000), size 14090240, SharedBaseAddress: 0x000002010f000000, ArchiveRelocationMode: 1.
Compressed class space mapped at: 0x0000020110000000-0x0000020150000000, reserved size: 1073741824
Narrow klass base: 0x000002010f000000, Narrow klass shift: 0, Narrow klass range: 0x41000000

GC Precious Log:
 CardTable entry size: 512
 Card Set container configuration: InlinePtr #cards 4 size 8 Array Of Cards #cards 16 size 48 Howl #buckets 8 coarsen threshold 3686 Howl Bitmap #cards 512 size 80 coarsen threshold 460 Card regions per heap region 1 cards per card region 4096
 CPUs: 12 total, 12 available
 Memory: 14141M
 Large Page Support: Disabled
 NUMA Support: Disabled
 Compressed Oops: Enabled (Zero based)
 Heap Region Size: 2M
 Heap Min Capacity: 8M
 Heap Initial Capacity: 222M
 Heap Max Capacity: 3536M
 Pre-touch: Disabled
 Parallel Workers: 10
 Concurrent Workers: 3
 Concurrent Refinement Workers: 10
 Periodic GC: Disabled

Heap:
 garbage-first heap   total reserved 3620864K, committed 137216K, used 113015K [0x0000000723000000, 0x0000000800000000)
  region size 2048K, 2 young (4096K), 1 survivors (2048K)
 Metaspace       used 21410K, committed 21696K, reserved 1114112K
  class space    used 2446K, committed 2560K, reserved 1048576K

Heap Regions: E=young(eden), S=young(survivor), O=old, HS=humongous(starts), HC=humongous(continues), CS=collection set, F=free, TAMS=top-at-mark-start, PB=parsable bottom
|   0|0x0000000723000000, 0x0000000723200000, 0x0000000723200000|100%| O|  |TAMS 0x0000000723000000| PB 0x0000000723000000| Untracked |  0
|   1|0x0000000723200000, 0x0000000723400000, 0x0000000723400000|100%| O|  |TAMS 0x0000000723200000| PB 0x0000000723200000| Untracked |  0
|   2|0x0000000723400000, 0x0000000723600000, 0x0000000723600000|100%| O|  |TAMS 0x0000000723400000| PB 0x0000000723400000| Untracked |  0
|   3|0x0000000723600000, 0x0000000723695538, 0x0000000723800000| 29%| O|Cm|TAMS 0x0000000723600000| PB 0x0000000723600000| Complete |  0
|   4|0x0000000723800000, 0x00000007238e3070, 0x0000000723a00000| 44%| O|  |TAMS 0x0000000723800000| PB 0x0000000723800000| Untracked |  0
|   5|0x0000000723a00000, 0x0000000723a00000, 0x0000000723c00000|  0%| F|  |TAMS 0x0000000723a00000| PB 0x0000000723a00000| Untracked |  0
|   6|0x0000000723c00000, 0x0000000723c00000, 0x0000000723e00000|  0%| F|  |TAMS 0x0000000723c00000| PB 0x0000000723c00000| Untracked |  0
|   7|0x0000000723e00000, 0x0000000723e00000, 0x0000000724000000|  0%| F|  |TAMS 0x0000000723e00000| PB 0x0000000723e00000| Untracked |  0
|   8|0x0000000724000000, 0x0000000724000000, 0x0000000724200000|  0%| F|  |TAMS 0x0000000724000000| PB 0x0000000724000000| Untracked |  0
|   9|0x0000000724200000, 0x0000000724200000, 0x0000000724400000|  0%| F|  |TAMS 0x0000000724200000| PB 0x0000000724200000| Untracked |  0
|  10|0x0000000724400000, 0x0000000724400000, 0x0000000724600000|  0%| F|  |TAMS 0x0000000724400000| PB 0x0000000724400000| Untracked |  0
|  11|0x0000000724600000, 0x0000000724600000, 0x0000000724800000|  0%| F|  |TAMS 0x0000000724600000| PB 0x0000000724600000| Untracked |  0
|  12|0x0000000724800000, 0x0000000724800000, 0x0000000724a00000|  0%| F|  |TAMS 0x0000000724800000| PB 0x0000000724800000| Untracked |  0
|  13|0x0000000724a00000, 0x0000000724a00000, 0x0000000724c00000|  0%| F|  |TAMS 0x0000000724a00000| PB 0x0000000724a00000| Untracked |  0
|  14|0x0000000724c00000, 0x0000000724e00000, 0x0000000724e00000|100%|HS|  |TAMS 0x0000000724c00000| PB 0x0000000724c00000| Complete |  0
|  15|0x0000000724e00000, 0x0000000725000000, 0x0000000725000000|100%|HC|  |TAMS 0x0000000724e00000| PB 0x0000000724e00000| Complete |  0
|  16|0x0000000725000000, 0x0000000725200000, 0x0000000725200000|100%|HC|  |TAMS 0x0000000725000000| PB 0x0000000725000000| Complete |  0
|  17|0x0000000725200000, 0x0000000725400000, 0x0000000725400000|100%|HC|  |TAMS 0x0000000725200000| PB 0x0000000725200000| Complete |  0
|  18|0x0000000725400000, 0x0000000725600000, 0x0000000725600000|100%|HC|  |TAMS 0x0000000725400000| PB 0x0000000725400000| Complete |  0
|  19|0x0000000725600000, 0x0000000725800000, 0x0000000725800000|100%|HC|  |TAMS 0x0000000725600000| PB 0x0000000725600000| Complete |  0
|  20|0x0000000725800000, 0x0000000725a00000, 0x0000000725a00000|100%|HC|  |TAMS 0x0000000725800000| PB 0x0000000725800000| Complete |  0
|  21|0x0000000725a00000, 0x0000000725c00000, 0x0000000725c00000|100%|HC|  |TAMS 0x0000000725a00000| PB 0x0000000725a00000| Complete |  0
|  22|0x0000000725c00000, 0x0000000725e00000, 0x0000000725e00000|100%|HC|  |TAMS 0x0000000725c00000| PB 0x0000000725c00000| Complete |  0
|  23|0x0000000725e00000, 0x0000000726000000, 0x0000000726000000|100%|HC|  |TAMS 0x0000000725e00000| PB 0x0000000725e00000| Complete |  0
|  24|0x0000000726000000, 0x0000000726200000, 0x0000000726200000|100%|HC|  |TAMS 0x0000000726000000| PB 0x0000000726000000| Complete |  0
|  25|0x0000000726200000, 0x0000000726400000, 0x0000000726400000|100%|HC|  |TAMS 0x0000000726200000| PB 0x0000000726200000| Complete |  0
|  26|0x0000000726400000, 0x0000000726600000, 0x0000000726600000|100%|HC|  |TAMS 0x0000000726400000| PB 0x0000000726400000| Complete |  0
|  27|0x0000000726600000, 0x0000000726800000, 0x0000000726800000|100%|HC|  |TAMS 0x0000000726600000| PB 0x0000000726600000| Complete |  0
|  28|0x0000000726800000, 0x0000000726a00000, 0x0000000726a00000|100%|HC|  |TAMS 0x0000000726800000| PB 0x0000000726800000| Complete |  0
|  29|0x0000000726a00000, 0x0000000726c00000, 0x0000000726c00000|100%|HC|  |TAMS 0x0000000726a00000| PB 0x0000000726a00000| Complete |  0
|  30|0x0000000726c00000, 0x0000000726e00000, 0x0000000726e00000|100%|HC|  |TAMS 0x0000000726c00000| PB 0x0000000726c00000| Complete |  0
|  31|0x0000000726e00000, 0x0000000727000000, 0x0000000727000000|100%|HS|  |TAMS 0x0000000726e00000| PB 0x0000000726e00000| Complete |  0
|  32|0x0000000727000000, 0x0000000727200000, 0x0000000727200000|100%|HC|  |TAMS 0x0000000727000000| PB 0x0000000727000000| Complete |  0
|  33|0x0000000727200000, 0x0000000727400000, 0x0000000727400000|100%|HC|  |TAMS 0x0000000727200000| PB 0x0000000727200000| Complete |  0
|  34|0x0000000727400000, 0x0000000727600000, 0x0000000727600000|100%|HC|  |TAMS 0x0000000727400000| PB 0x0000000727400000| Complete |  0
|  35|0x0000000727600000, 0x0000000727800000, 0x0000000727800000|100%|HC|  |TAMS 0x0000000727600000| PB 0x0000000727600000| Complete |  0
|  36|0x0000000727800000, 0x0000000727a00000, 0x0000000727a00000|100%|HC|  |TAMS 0x0000000727800000| PB 0x0000000727800000| Complete |  0
|  37|0x0000000727a00000, 0x0000000727c00000, 0x0000000727c00000|100%|HC|  |TAMS 0x0000000727a00000| PB 0x0000000727a00000| Complete |  0
|  38|0x0000000727c00000, 0x0000000727e00000, 0x0000000727e00000|100%|HC|  |TAMS 0x0000000727c00000| PB 0x0000000727c00000| Complete |  0
|  39|0x0000000727e00000, 0x0000000728000000, 0x0000000728000000|100%|HC|  |TAMS 0x0000000727e00000| PB 0x0000000727e00000| Complete |  0
|  40|0x0000000728000000, 0x0000000728200000, 0x0000000728200000|100%|HC|  |TAMS 0x0000000728000000| PB 0x0000000728000000| Complete |  0
|  41|0x0000000728200000, 0x0000000728400000, 0x0000000728400000|100%|HC|  |TAMS 0x0000000728200000| PB 0x0000000728200000| Complete |  0
|  42|0x0000000728400000, 0x0000000728600000, 0x0000000728600000|100%|HC|  |TAMS 0x0000000728400000| PB 0x0000000728400000| Complete |  0
|  43|0x0000000728600000, 0x0000000728800000, 0x0000000728800000|100%|HC|  |TAMS 0x0000000728600000| PB 0x0000000728600000| Complete |  0
|  44|0x0000000728800000, 0x0000000728a00000, 0x0000000728a00000|100%|HC|  |TAMS 0x0000000728800000| PB 0x0000000728800000| Complete |  0
|  45|0x0000000728a00000, 0x0000000728c00000, 0x0000000728c00000|100%|HC|  |TAMS 0x0000000728a00000| PB 0x0000000728a00000| Complete |  0
|  46|0x0000000728c00000, 0x0000000728e00000, 0x0000000728e00000|100%|HC|  |TAMS 0x0000000728c00000| PB 0x0000000728c00000| Complete |  0
|  47|0x0000000728e00000, 0x0000000729000000, 0x0000000729000000|100%|HC|  |TAMS 0x0000000728e00000| PB 0x0000000728e00000| Complete |  0
|  48|0x0000000729000000, 0x0000000729200000, 0x0000000729200000|100%|HS|  |TAMS 0x0000000729000000| PB 0x0000000729000000| Complete |  0
|  49|0x0000000729200000, 0x0000000729400000, 0x0000000729400000|100%|HC|  |TAMS 0x0000000729200000| PB 0x0000000729200000| Complete |  0
|  50|0x0000000729400000, 0x0000000729600000, 0x0000000729600000|100%|HC|  |TAMS 0x0000000729400000| PB 0x0000000729400000| Complete |  0
|  51|0x0000000729600000, 0x0000000729800000, 0x0000000729800000|100%|HC|  |TAMS 0x0000000729600000| PB 0x0000000729600000| Complete |  0
|  52|0x0000000729800000, 0x0000000729a00000, 0x0000000729a00000|100%|HC|  |TAMS 0x0000000729800000| PB 0x0000000729800000| Complete |  0
|  53|0x0000000729a00000, 0x0000000729c00000, 0x0000000729c00000|100%|HC|  |TAMS 0x0000000729a00000| PB 0x0000000729a00000| Complete |  0
|  54|0x0000000729c00000, 0x0000000729e00000, 0x0000000729e00000|100%|HC|  |TAMS 0x0000000729c00000| PB 0x0000000729c00000| Complete |  0
|  55|0x0000000729e00000, 0x000000072a000000, 0x000000072a000000|100%|HC|  |TAMS 0x0000000729e00000| PB 0x0000000729e00000| Complete |  0
|  56|0x000000072a000000, 0x000000072a200000, 0x000000072a200000|100%|HC|  |TAMS 0x000000072a000000| PB 0x000000072a000000| Complete |  0
|  57|0x000000072a200000, 0x000000072a400000, 0x000000072a400000|100%|HC|  |TAMS 0x000000072a200000| PB 0x000000072a200000| Complete |  0
|  58|0x000000072a400000, 0x000000072a600000, 0x000000072a600000|100%|HC|  |TAMS 0x000000072a400000| PB 0x000000072a400000| Complete |  0
|  59|0x000000072a600000, 0x000000072a800000, 0x000000072a800000|100%|HC|  |TAMS 0x000000072a600000| PB 0x000000072a600000| Complete |  0
|  60|0x000000072a800000, 0x000000072aa00000, 0x000000072aa00000|100%|HC|  |TAMS 0x000000072a800000| PB 0x000000072a800000| Complete |  0
|  61|0x000000072aa00000, 0x000000072ac00000, 0x000000072ac00000|100%|HC|  |TAMS 0x000000072aa00000| PB 0x000000072aa00000| Complete |  0
|  62|0x000000072ac00000, 0x000000072ae00000, 0x000000072ae00000|100%|HC|  |TAMS 0x000000072ac00000| PB 0x000000072ac00000| Complete |  0
|  63|0x000000072ae00000, 0x000000072b000000, 0x000000072b000000|100%|HC|  |TAMS 0x000000072ae00000| PB 0x000000072ae00000| Complete |  0
|  64|0x000000072b000000, 0x000000072b200000, 0x000000072b200000|100%|HC|  |TAMS 0x000000072b000000| PB 0x000000072b000000| Complete |  0
| 107|0x0000000730600000, 0x00000007306e5710, 0x0000000730800000| 44%| S|CS|TAMS 0x0000000730600000| PB 0x0000000730600000| Complete |  0
| 110|0x0000000730c00000, 0x0000000730cc98a8, 0x0000000730e00000| 39%| E|  |TAMS 0x0000000730c00000| PB 0x0000000730c00000| Complete |  0

Card table byte_map: [0x00000201780f0000,0x00000201787e0000] _byte_map_base: 0x00000201747d8000

Marking Bits: (CMBitMap*) 0x000002016edb9cb0
 Bits: [0x00000201787e0000, 0x000002017bf20000)

Polling page: 0x000002016cbe0000

Metaspace:

Usage:
  Non-class:     18.53 MB used.
      Class:      2.39 MB used.
       Both:     20.92 MB used.

Virtual space:
  Non-class space:       64.00 MB reserved,      18.69 MB ( 29%) committed,  1 nodes.
      Class space:        1.00 GB reserved,       2.50 MB ( <1%) committed,  1 nodes.
             Both:        1.06 GB reserved,      21.19 MB (  2%) committed. 

Chunk freelists:
   Non-Class:  13.00 MB
       Class:  13.52 MB
        Both:  26.53 MB

MaxMetaspaceSize: unlimited
CompressedClassSpaceSize: 1.00 GB
Initial GC threshold: 21.00 MB
Current GC threshold: 35.12 MB
CDS: on
 - commit_granule_bytes: 65536.
 - commit_granule_words: 8192.
 - virtual_space_node_default_size: 8388608.
 - enlarge_chunks_in_place: 1.
 - use_allocation_guard: 0.


Internal statistics:

num_allocs_failed_limit: 3.
num_arena_births: 290.
num_arena_deaths: 0.
num_vsnodes_births: 2.
num_vsnodes_deaths: 0.
num_space_committed: 339.
num_space_uncommitted: 0.
num_chunks_returned_to_freelist: 3.
num_chunks_taken_from_freelist: 536.
num_chunk_merges: 0.
num_chunk_splits: 316.
num_chunks_enlarged: 162.
num_inconsistent_stats: 0.

CodeHeap 'non-profiled nmethods': size=120064Kb used=806Kb max_used=838Kb free=119257Kb
 bounds [0x0000020107ac0000, 0x0000020107d30000, 0x000002010f000000]
CodeHeap 'profiled nmethods': size=120000Kb used=3574Kb max_used=3939Kb free=116425Kb
 bounds [0x0000020100000000, 0x00000201003e0000, 0x0000020107530000]
CodeHeap 'non-nmethods': size=5696Kb used=2009Kb max_used=2037Kb free=3686Kb
 bounds [0x0000020107530000, 0x00000201077a0000, 0x0000020107ac0000]
CodeCache: size=245760Kb, used=6389Kb, max_used=6814Kb, free=239368Kb
 total_blobs=3312, nmethods=2466, adapters=751, full_count=0
Compilation: enabled, stopped_count=0, restarted_count=0

Compilation events (20 events):
Event: 1808.524 Thread 0x000002017eb9dfc0 nmethod 2663 0x00000201003d5e08 code [0x00000201003d5f40, 0x00000201003d6228]
Event: 1808.525 Thread 0x000002017eb9c500 2665 %     4       sun.java2d.marlin.Renderer::_endRendering @ 568 (2646 bytes)
Event: 1808.525 Thread 0x000002017eb9dfc0 2664       3       sun.java2d.marlin.TransformingPathConsumer2D$PathClipFilter::curveTo (317 bytes)
Event: 1808.525 Thread 0x000002017eb9dfc0 nmethod 2664 0x00000201003d6288 code [0x00000201003d6460, 0x00000201003d6e60]
Event: 1808.526 Thread 0x000002017eb9dfc0 2666       3       java.util.HashMap::clear (50 bytes)
Event: 1808.527 Thread 0x000002017eb9dfc0 nmethod 2666 0x00000201003d6e88 code [0x00000201003d6fc0, 0x00000201003d7358]
Event: 1808.527 Thread 0x000002017eb9dfc0 2668   !   3       sun.java2d.pipe.DrawImage::renderImageScale (158 bytes)
Event: 1808.529 Thread 0x000002017eb9dfc0 nmethod 2668 0x00000201003d7388 code [0x00000201003d75a0, 0x00000201003d83b0]
Event: 1808.529 Thread 0x000002017eb9dfc0 2669       3       java.awt.geom.Rectangle2D$Float::setRect (27 bytes)
Event: 1808.529 Thread 0x000002017eb9dfc0 nmethod 2669 0x00000201003d8488 code [0x00000201003d85a0, 0x00000201003d86d0]
Event: 1808.529 Thread 0x000002017eb9dfc0 2670       3       sun.java2d.pipe.PixelToParallelogramConverter::len (37 bytes)
Event: 1808.529 Thread 0x000002017eb9dfc0 nmethod 2670 0x00000201003d8788 code [0x00000201003d8900, 0x00000201003d8b78]
Event: 1808.597 Thread 0x000002017eb9dfc0 2672       3       java.lang.invoke.MethodHandles::argumentsWithCombinerChecks (197 bytes)
Event: 1808.601 Thread 0x000002017eb9dfc0 nmethod 2672 0x000002010000be08 code [0x000002010000c1c0, 0x000002010000dab8]
Event: 1808.601 Thread 0x000002017eb9dfc0 2671       3       java.lang.invoke.MethodHandles::argumentsWithCombiner (130 bytes)
Event: 1808.603 Thread 0x000002017eb9dfc0 nmethod 2671 0x0000020100009b08 code [0x0000020100009d40, 0x000002010000ac10]
Event: 1808.603 Thread 0x000002017eb9dfc0 2673       3       sun.java2d.SunGraphics2D::getClip (9 bytes)
Event: 1808.603 Thread 0x000002017eb9dfc0 nmethod 2673 0x0000020100005808 code [0x0000020100005920, 0x0000020100005a68]
Event: 1808.603 Thread 0x000002017eb9dfc0 2674   !   3       sun.java2d.SunGraphics2D::untransformShape (44 bytes)
Event: 1808.604 Thread 0x000002017eb9dfc0 nmethod 2674 0x00000201000bd908 code [0x00000201000bda60, 0x00000201000bdd58]

GC Heap History (8 events):
Event: 3.135 GC heap before
{Heap before GC invocations=0 (full 0):
 garbage-first heap   total reserved 3620864K, committed 227328K, used 24576K [0x0000000723000000, 0x0000000800000000)
  region size 2048K, 12 young (24576K), 0 survivors (0K)
 Metaspace       used 19223K, committed 19584K, reserved 1114112K
  class space    used 2254K, committed 2432K, reserved 1048576K
}
Event: 3.140 GC heap after
{Heap after GC invocations=1 (full 0):
 garbage-first heap   total reserved 3620864K, committed 227328K, used 6703K [0x0000000723000000, 0x0000000800000000)
  region size 2048K, 2 young (4096K), 2 survivors (4096K)
 Metaspace       used 19223K, committed 19584K, reserved 1114112K
  class space    used 2254K, committed 2432K, reserved 1048576K
}
Event: 57.616 GC heap before
{Heap before GC invocations=1 (full 0):
 garbage-first heap   total reserved 3620864K, committed 227328K, used 10799K [0x0000000723000000, 0x0000000800000000)
  region size 2048K, 5 young (10240K), 2 survivors (4096K)
 Metaspace       used 21272K, committed 21504K, reserved 1114112K
  class space    used 2443K, committed 2560K, reserved 1048576K
}
Event: 57.619 GC heap after
{Heap after GC invocations=2 (full 0):
 garbage-first heap   total reserved 3620864K, committed 227328K, used 8031K [0x0000000723000000, 0x0000000800000000)
  region size 2048K, 1 young (2048K), 1 survivors (2048K)
 Metaspace       used 21272K, committed 21504K, reserved 1114112K
  class space    used 2443K, committed 2560K, reserved 1048576K
}
Event: 1807.870 GC heap before
{Heap before GC invocations=3 (full 0):
 garbage-first heap   total reserved 3620864K, committed 34816K, used 10079K [0x0000000723000000, 0x0000000800000000)
  region size 2048K, 3 young (6144K), 1 survivors (2048K)
 Metaspace       used 21334K, committed 21568K, reserved 1114112K
  class space    used 2444K, committed 2560K, reserved 1048576K
}
Event: 1807.898 GC heap after
{Heap after GC invocations=4 (full 0):
 garbage-first heap   total reserved 3620864K, committed 34816K, used 8100K [0x0000000723000000, 0x0000000800000000)
  region size 2048K, 1 young (2048K), 1 survivors (2048K)
 Metaspace       used 21334K, committed 21568K, reserved 1114112K
  class space    used 2444K, committed 2560K, reserved 1048576K
}
Event: 1808.532 GC heap before
{Heap before GC invocations=4 (full 0):
 garbage-first heap   total reserved 3620864K, committed 67584K, used 42916K [0x0000000723000000, 0x0000000800000000)
  region size 2048K, 2 young (4096K), 1 survivors (2048K)
 Metaspace       used 21361K, committed 21632K, reserved 1114112K
  class space    used 2444K, committed 2560K, reserved 1048576K
}
Event: 1808.534 GC heap after
{Heap after GC invocations=5 (full 0):
 garbage-first heap   total reserved 3620864K, committed 67584K, used 43383K [0x0000000723000000, 0x0000000800000000)
  region size 2048K, 1 young (2048K), 1 survivors (2048K)
 Metaspace       used 21361K, committed 21632K, reserved 1114112K
  class space    used 2444K, committed 2560K, reserved 1048576K
}

Dll operation events (11 events):
Event: 0.008 Loaded shared library C:\Program Files\Java\jdk-23\bin\java.dll
Event: 0.031 Loaded shared library C:\Program Files\Java\jdk-23\bin\jsvml.dll
Event: 0.045 Loaded shared library C:\Program Files\Java\jdk-23\bin\net.dll
Event: 0.046 Loaded shared library C:\Program Files\Java\jdk-23\bin\nio.dll
Event: 0.048 Loaded shared library C:\Program Files\Java\jdk-23\bin\zip.dll
Event: 0.067 Loaded shared library C:\Program Files\Java\jdk-23\bin\jimage.dll
Event: 0.080 Loaded shared library C:\Program Files\Java\jdk-23\bin\awt.dll
Event: 0.171 Loaded shared library C:\Program Files\Java\jdk-23\bin\freetype.dll
Event: 0.171 Loaded shared library C:\Program Files\Java\jdk-23\bin\fontmanager.dll
Event: 2.905 Loaded shared library C:\Program Files\Java\jdk-23\bin\extnet.dll
Event: 3.040 Loaded shared library C:\Program Files\Java\jdk-23\bin\sunmscapi.dll

Deoptimization events (20 events):
Event: 4.274 Thread 0x00000201543a1300 DEOPT PACKING pc=0x0000020100166c3f sp=0x0000002afc4fcc50
Event: 4.274 Thread 0x00000201543a1300 DEOPT UNPACKING pc=0x00000201075884c2 sp=0x0000002afc4fc100 mode 0
Event: 60.836 Thread 0x000002015431c970 Uncommon trap: trap_request=0xffffff45 fr.pc=0x0000020107b5a8dc relative=0x000000000000005c
Event: 60.836 Thread 0x000002015431c970 Uncommon trap: reason=unstable_if action=reinterpret pc=0x0000020107b5a8dc method=java.lang.ref.ReferenceQueue.headIsNull()Z @ 4 c2
Event: 60.836 Thread 0x000002015431c970 DEOPT PACKING pc=0x0000020107b5a8dc sp=0x0000002afc3fe1f0
Event: 60.836 Thread 0x000002015431c970 DEOPT UNPACKING pc=0x0000020107587982 sp=0x0000002afc3fe118 mode 2
Event: 324.316 Thread 0x000002018a7ea6e0 Uncommon trap: trap_request=0xffffffcc fr.pc=0x0000020107b8daf8 relative=0x0000000000000338
Event: 324.316 Thread 0x000002018a7ea6e0 Uncommon trap: reason=intrinsic_or_type_checked_inlining action=make_not_entrant pc=0x0000020107b8daf8 method=java.util.Arrays.copyOf([Ljava/lang/Object;ILjava/lang/Class;)[Ljava/lang/Object; @ 35 c2
Event: 324.316 Thread 0x000002018a7ea6e0 DEOPT PACKING pc=0x0000020107b8daf8 sp=0x0000002afddff3e0
Event: 324.317 Thread 0x000002018a7ea6e0 DEOPT UNPACKING pc=0x0000020107587982 sp=0x0000002afddff370 mode 2
Event: 543.424 Thread 0x000002018a7ea6e0 Uncommon trap: trap_request=0xffffffdc fr.pc=0x0000020107b8e8c4 relative=0x00000000000001a4
Event: 543.424 Thread 0x000002018a7ea6e0 Uncommon trap: reason=class_check action=make_not_entrant pc=0x0000020107b8e8c4 method=java.util.ArrayList.toArray([Ljava/lang/Object;)[Ljava/lang/Object; @ 21 c2
Event: 543.424 Thread 0x000002018a7ea6e0 DEOPT PACKING pc=0x0000020107b8e8c4 sp=0x0000002afddff440
Event: 543.424 Thread 0x000002018a7ea6e0 DEOPT UNPACKING pc=0x0000020107587982 sp=0x0000002afddff400 mode 2
Event: 1808.011 Thread 0x000002018a7ea6e0 Uncommon trap: trap_request=0xffffffcc fr.pc=0x0000020107b8f434 relative=0x0000000000000374
Event: 1808.011 Thread 0x000002018a7ea6e0 Uncommon trap: reason=intrinsic_or_type_checked_inlining action=make_not_entrant pc=0x0000020107b8f434 method=java.util.ArrayList.toArray([Ljava/lang/Object;)[Ljava/lang/Object; @ 36 c2
Event: 1808.011 Thread 0x000002018a7ea6e0 DEOPT PACKING pc=0x0000020107b8f434 sp=0x0000002afddff410
Event: 1808.011 Thread 0x000002018a7ea6e0 DEOPT UNPACKING pc=0x0000020107587982 sp=0x0000002afddff3f0 mode 2
Event: 1808.527 Thread 0x00000201543a1300 DEOPT PACKING pc=0x000002010031688f sp=0x0000002afc4fcc60
Event: 1808.527 Thread 0x00000201543a1300 DEOPT UNPACKING pc=0x00000201075884c2 sp=0x0000002afc4fc118 mode 0

Classes loaded (20 events):
Event: 4.203 Loading class javax/swing/plaf/basic/BasicGraphicsUtils
Event: 4.204 Loading class javax/swing/plaf/basic/BasicGraphicsUtils done
Event: 4.229 Loading class java/awt/geom/Path2D$Float$CopyIterator
Event: 4.229 Loading class java/awt/geom/Path2D$Float$CopyIterator done
Event: 4.229 Loading class sun/awt/geom/Curve
Event: 4.229 Loading class sun/awt/geom/Curve done
Event: 1807.773 Loading class java/util/WeakHashMap$KeyIterator
Event: 1807.776 Loading class java/util/WeakHashMap$HashIterator
Event: 1807.782 Loading class java/util/WeakHashMap$HashIterator done
Event: 1807.782 Loading class java/util/WeakHashMap$KeyIterator done
Event: 1807.920 Loading class javax/swing/RepaintManager$DisplayChangedRunnable
Event: 1807.925 Loading class javax/swing/RepaintManager$DisplayChangedRunnable done
Event: 1808.582 Loading class sun/awt/image/BufferedImageDevice
Event: 1808.584 Loading class sun/awt/image/BufferedImageDevice done
Event: 1808.589 Loading class sun/java2d/loops/MaskBlit$General
Event: 1808.591 Loading class sun/java2d/loops/GraphicsPrimitive$GeneralBinaryOp
Event: 1808.593 Loading class sun/java2d/loops/GraphicsPrimitive$GeneralBinaryOp done
Event: 1808.593 Loading class sun/java2d/loops/MaskBlit$General done
Event: 1808.605 Loading class sun/awt/image/BufImgVolatileSurfaceManager
Event: 1808.606 Loading class sun/awt/image/BufImgVolatileSurfaceManager done

Classes unloaded (0 events):
No events

Classes redefined (0 events):
No events

Internal exceptions (20 events):
Event: 0.303 Thread 0x00000201543a1300 Exception <a 'java/lang/NoSuchMethodError'{0x00000007309d2b98}: 'int java.lang.invoke.Invokers$Holder.invokeExact_MT(java.lang.Object, java.lang.Object)'> (0x00000007309d2b98) 
thrown [s\open\src\hotspot\share\interpreter\linkResolver.cpp, line 796]
Event: 0.310 Thread 0x00000201543a1300 Exception <a 'java/lang/NoSuchMethodError'{0x00000007309e13f8}: 'java.lang.Object java.lang.invoke.DirectMethodHandle$Holder.newInvokeSpecial(java.lang.Object, java.lang.Object, int)'> (0x00000007309e13f8) 
thrown [s\open\src\hotspot\share\interpreter\linkResolver.cpp, line 796]
Event: 0.311 Thread 0x00000201543a1300 Exception <a 'java/lang/NoSuchMethodError'{0x0000000730609ff0}: 'java.lang.Object java.lang.invoke.DirectMethodHandle$Holder.invokeStatic(java.lang.Object, java.lang.Object, java.lang.Object, java.lang.Object, int)'> (0x0000000730609ff0) 
thrown [s\open\src\hotspot\share\interpreter\linkResolver.cpp, line 796]
Event: 0.313 Thread 0x00000201543a1300 Exception <a 'java/lang/NoSuchMethodError'{0x0000000730615b58}: 'int java.lang.invoke.DirectMethodHandle$Holder.invokeSpecial(java.lang.Object, java.lang.Object, java.lang.Object)'> (0x0000000730615b58) 
thrown [s\open\src\hotspot\share\interpreter\linkResolver.cpp, line 796]
Event: 0.370 Thread 0x000002018a3ecae0 Exception <a 'java/lang/NoSuchMethodError'{0x00000007304285f0}: 'java.lang.Object java.lang.invoke.DirectMethodHandle$Holder.newInvokeSpecial(java.lang.Object, java.lang.Object, java.lang.Object, int, int, int, int, int)'> (0x00000007304285f0) 
thrown [s\open\src\hotspot\share\interpreter\linkResolver.cpp, line 796]
Event: 0.409 Thread 0x000002015431c970 Exception <a 'java/lang/NoSuchMethodError'{0x0000000730bfa420}: 'void java.lang.invoke.DirectMethodHandle$Holder.invokeVirtual(java.lang.Object, java.lang.Object)'> (0x0000000730bfa420) 
thrown [s\open\src\hotspot\share\interpreter\linkResolver.cpp, line 796]
Event: 0.418 Thread 0x00000201543a1300 Exception <a 'java/lang/NoSuchMethodError'{0x0000000730208e78}: 'void java.lang.invoke.DirectMethodHandle$Holder.invokeStaticInit(java.lang.Object)'> (0x0000000730208e78) 
thrown [s\open\src\hotspot\share\interpreter\linkResolver.cpp, line 796]
Event: 2.818 Thread 0x00000201543a1300 Exception <a 'java/lang/NoSuchMethodError'{0x000000073006e7d0}: 'void java.lang.invoke.DirectMethodHandle$Holder.invokeStatic(java.lang.Object, java.lang.Object)'> (0x000000073006e7d0) 
thrown [s\open\src\hotspot\share\interpreter\linkResolver.cpp, line 796]
Event: 2.834 Thread 0x00000201543a1300 Exception <a 'java/lang/NoSuchMethodError'{0x0000000730187c88}: 'java.lang.Object java.lang.invoke.DirectMethodHandle$Holder.invokeInterface(java.lang.Object, java.lang.Object)'> (0x0000000730187c88) 
thrown [s\open\src\hotspot\share\interpreter\linkResolver.cpp, line 796]
Event: 2.850 Thread 0x00000201543a1300 Exception <a 'java/lang/NoSuchMethodError'{0x000000072fe15358}: 'java.lang.Object java.lang.invoke.DirectMethodHandle$Holder.invokeVirtual(java.lang.Object, java.lang.Object, java.lang.Object)'> (0x000000072fe15358) 
thrown [s\open\src\hotspot\share\interpreter\linkResolver.cpp, line 796]
Event: 2.949 Thread 0x00000201543a1300 Exception <a 'java/lang/NoSuchMethodError'{0x000000072fbc9308}: 'void java.lang.invoke.DirectMethodHandle$Holder.invokeStaticInit(java.lang.Object, java.lang.Object)'> (0x000000072fbc9308) 
thrown [s\open\src\hotspot\share\interpreter\linkResolver.cpp, line 796]
Event: 2.989 Thread 0x00000201543a1300 Exception <a 'sun/nio/fs/WindowsException'{0x000000072f8f9210}> (0x000000072f8f9210) 
thrown [s\open\src\hotspot\share\prims\jni.cpp, line 520]
Event: 3.014 Thread 0x00000201543a1300 Exception <a 'java/lang/NoSuchMethodError'{0x000000072f9a00e8}: 'java.lang.Object java.lang.invoke.DirectMethodHandle$Holder.invokeStaticInit(java.lang.Object, int, int, int, int)'> (0x000000072f9a00e8) 
thrown [s\open\src\hotspot\share\interpreter\linkResolver.cpp, line 796]
Event: 3.026 Thread 0x00000201543a1300 Exception <a 'java/lang/NoSuchMethodError'{0x000000072f663078}: 'java.lang.Object java.lang.invoke.DirectMethodHandle$Holder.invokeStaticInit(java.lang.Object, java.lang.Object, int, int, int, int)'> (0x000000072f663078) 
thrown [s\open\src\hotspot\share\interpreter\linkResolver.cpp, line 796]
Event: 3.144 Thread 0x00000201543a1300 Exception <a 'java/lang/NoSuchMethodError'{0x0000000730c29210}: 'void java.lang.invoke.DirectMethodHandle$Holder.invokeStatic(java.lang.Object, java.lang.Object, java.lang.Object, java.lang.Object)'> (0x0000000730c29210) 
thrown [s\open\src\hotspot\share\interpreter\linkResolver.cpp, line 796]
Event: 3.153 Thread 0x00000201543a1300 Exception <a 'java/lang/NoSuchMethodError'{0x0000000730d7f3e0}: 'void java.lang.invoke.DirectMethodHandle$Holder.invokeInterface(java.lang.Object, java.lang.Object, java.lang.Object, java.lang.Object)'> (0x0000000730d7f3e0) 
thrown [s\open\src\hotspot\share\interpreter\linkResolver.cpp, line 796]
Event: 3.173 Thread 0x00000201543a1300 Exception <a 'java/io/IOException'{0x0000000730a67640}> (0x0000000730a67640) 
thrown [s\open\src\hotspot\share\prims\jni.cpp, line 520]
Event: 3.174 Thread 0x00000201543a1300 Exception <a 'java/lang/NoSuchMethodError'{0x0000000730a6ae98}: 'void java.lang.invoke.DirectMethodHandle$Holder.invokeInterface(java.lang.Object, java.lang.Object)'> (0x0000000730a6ae98) 
thrown [s\open\src\hotspot\share\interpreter\linkResolver.cpp, line 796]
Event: 3.195 Thread 0x00000201543a1300 Exception <a 'java/io/IOException'{0x0000000730acae38}> (0x0000000730acae38) 
thrown [s\open\src\hotspot\share\prims\jni.cpp, line 520]
Event: 3.241 Thread 0x00000201543a1300 Exception <a 'java/lang/NoSuchMethodError'{0x000000073080d318}: 'int java.lang.invoke.DirectMethodHandle$Holder.invokeStatic(java.lang.Object)'> (0x000000073080d318) 
thrown [s\open\src\hotspot\share\interpreter\linkResolver.cpp, line 796]

VM Operations (20 events):
Event: 60.075 Executing VM operation: RendezvousGCThreads
Event: 60.075 Executing VM operation: RendezvousGCThreads done
Event: 240.531 Executing VM operation: HandshakeAllThreads (HandshakeForDeflation)
Event: 240.531 Executing VM operation: HandshakeAllThreads (HandshakeForDeflation) done
Event: 240.531 Executing VM operation: RendezvousGCThreads
Event: 240.531 Executing VM operation: RendezvousGCThreads done
Event: 1082.588 Executing VM operation: HandshakeAllThreads (HandshakeForDeflation)
Event: 1082.588 Executing VM operation: HandshakeAllThreads (HandshakeForDeflation) done
Event: 1082.588 Executing VM operation: RendezvousGCThreads
Event: 1082.588 Executing VM operation: RendezvousGCThreads done
Event: 1807.869 Executing VM operation: G1TryInitiateConcMark (G1 Humongous Allocation)
Event: 1807.898 Executing VM operation: G1TryInitiateConcMark (G1 Humongous Allocation) done
Event: 1808.532 Executing VM operation: G1TryInitiateConcMark (G1 Humongous Allocation)
Event: 1808.534 Executing VM operation: G1TryInitiateConcMark (G1 Humongous Allocation) done
Event: 1808.556 Executing VM operation: G1PauseRemark
Event: 1808.576 Executing VM operation: G1PauseRemark done
Event: 1808.578 Executing VM operation: G1PauseCleanup
Event: 1808.578 Executing VM operation: G1PauseCleanup done
Event: 1808.581 Executing VM operation: HandshakeAllThreads (Deoptimize)
Event: 1808.581 Executing VM operation: HandshakeAllThreads (Deoptimize) done

Memory protections (0 events):
No events

Nmethod flushes (20 events):
Event: 1808.574 Thread 0x000002017eb701e0 flushing  nmethod 0x000002010017da88
Event: 1808.574 Thread 0x000002017eb701e0 flushing  nmethod 0x0000020100185388
Event: 1808.574 Thread 0x000002017eb701e0 flushing  nmethod 0x00000201001fde08
Event: 1808.574 Thread 0x000002017eb701e0 flushing  nmethod 0x0000020100204608
Event: 1808.574 Thread 0x000002017eb701e0 flushing  nmethod 0x0000020100204d88
Event: 1808.574 Thread 0x000002017eb701e0 flushing  nmethod 0x0000020100205108
Event: 1808.574 Thread 0x000002017eb701e0 flushing  nmethod 0x0000020100207908
Event: 1808.574 Thread 0x000002017eb701e0 flushing  nmethod 0x0000020100254988
Event: 1808.574 Thread 0x000002017eb701e0 flushing  nmethod 0x0000020100254c88
Event: 1808.574 Thread 0x000002017eb701e0 flushing  nmethod 0x0000020100254f88
Event: 1808.574 Thread 0x000002017eb701e0 flushing  nmethod 0x0000020100255388
Event: 1808.574 Thread 0x000002017eb701e0 flushing  nmethod 0x0000020100255688
Event: 1808.574 Thread 0x000002017eb701e0 flushing  nmethod 0x0000020100255c08
Event: 1808.574 Thread 0x000002017eb701e0 flushing  nmethod 0x0000020100256108
Event: 1808.574 Thread 0x000002017eb701e0 flushing  nmethod 0x0000020100258b88
Event: 1808.574 Thread 0x000002017eb701e0 flushing  nmethod 0x000002010025c908
Event: 1808.574 Thread 0x000002017eb701e0 flushing  nmethod 0x000002010025f308
Event: 1808.574 Thread 0x000002017eb701e0 flushing  nmethod 0x0000020100263e08
Event: 1808.574 Thread 0x000002017eb701e0 flushing  nmethod 0x0000020100264e08
Event: 1808.574 Thread 0x000002017eb701e0 flushing osr nmethod 0x0000020100304908

Events (20 events):
Event: 0.029 Thread 0x000002016ed58e60 Thread added: 0x000002017eb9dfc0
Event: 0.041 Thread 0x000002016ed58e60 Thread added: 0x0000020154171d10
Event: 0.043 Thread 0x000002016ed58e60 Thread added: 0x0000020154178fb0
Event: 0.119 Thread 0x000002016ed58e60 Thread added: 0x00000201543169f0
Event: 0.120 Thread 0x000002016ed58e60 Thread added: 0x0000020154318dd0
Event: 0.121 Thread 0x000002016ed58e60 Thread added: 0x000002015431c970
Event: 0.208 Thread 0x000002016ed58e60 Thread added: 0x00000201543a1300
Event: 0.209 Thread 0x000002016ed58e60 Thread exited: 0x000002016ed58e60
Event: 0.209 Thread 0x000002016ed58e60 Thread added: 0x000002016ed58e60
Event: 0.331 Thread 0x00000201543a1300 Thread added: 0x000002018a3ecae0
Event: 0.363 Thread 0x000002017eb9dfc0 Thread added: 0x000002018a420310
Event: 0.400 Thread 0x00000201543a1300 Thread added: 0x000002018a749930
Event: 0.498 Thread 0x00000201543a1300 Thread added: 0x000002018a7ea6e0
Event: 0.932 Thread 0x000002018a420310 Thread exited: 0x000002018a420310
Event: 2.819 Thread 0x00000201543a1300 Thread added: 0x000002018abe5150
Event: 2.868 Thread 0x000002017eb9dfc0 Thread added: 0x000002018add4d40
Event: 3.077 Thread 0x000002017eb9dfc0 Thread added: 0x000002018ad290e0
Event: 3.502 Thread 0x000002018add4d40 Thread exited: 0x000002018add4d40
Event: 3.502 Thread 0x000002018ad290e0 Thread exited: 0x000002018ad290e0
Event: 5.385 Thread 0x000002018a3ecae0 Thread exited: 0x000002018a3ecae0


Dynamic libraries:
0x00007ff6188b0000 - 0x00007ff6188c0000 	C:\Program Files\Java\jdk-23\bin\java.exe
0x00007ffddaf70000 - 0x00007ffddb187000 	C:\windows\SYSTEM32\ntdll.dll
0x00007ffdd8ff0000 - 0x00007ffdd90b4000 	C:\windows\System32\KERNEL32.DLL
0x00007ffdd8500000 - 0x00007ffdd88cf000 	C:\windows\System32\KERNELBASE.dll
0x00007ffdd8a40000 - 0x00007ffdd8b51000 	C:\windows\System32\ucrtbase.dll
0x00007ffdd4690000 - 0x00007ffdd46ab000 	C:\Program Files\Java\jdk-23\bin\VCRUNTIME140.dll
0x00007ffdc0310000 - 0x00007ffdc0327000 	C:\Program Files\Java\jdk-23\bin\jli.dll
0x00007ffdd9680000 - 0x00007ffdd982e000 	C:\windows\System32\USER32.dll
0x00007ffdafeb0000 - 0x00007ffdb0142000 	C:\windows\WinSxS\amd64_microsoft.windows.common-controls_6595b64144ccf1df_6.0.22621.4580_none_2714e9b573810c40\COMCTL32.dll
0x00007ffdd88d0000 - 0x00007ffdd88f6000 	C:\windows\System32\win32u.dll
0x00007ffdd8e60000 - 0x00007ffdd8e89000 	C:\windows\System32\GDI32.dll
0x00007ffdd9560000 - 0x00007ffdd9607000 	C:\windows\System32\msvcrt.dll
0x00007ffdd8b60000 - 0x00007ffdd8c7b000 	C:\windows\System32\gdi32full.dll
0x00007ffdd8240000 - 0x00007ffdd82da000 	C:\windows\System32\msvcp_win.dll
0x00007ffddae90000 - 0x00007ffddaec1000 	C:\windows\System32\IMM32.DLL
0x00007ffdd46d0000 - 0x00007ffdd46dc000 	C:\Program Files\Java\jdk-23\bin\vcruntime140_1.dll
0x00007ffdba510000 - 0x00007ffdba59e000 	C:\Program Files\Java\jdk-23\bin\msvcp140.dll
0x00007ffd92b70000 - 0x00007ffd938bf000 	C:\Program Files\Java\jdk-23\bin\server\jvm.dll
0x00007ffddadd0000 - 0x00007ffddae82000 	C:\windows\System32\ADVAPI32.dll
0x00007ffdd8c90000 - 0x00007ffdd8d37000 	C:\windows\System32\sechost.dll
0x00007ffdd82e0000 - 0x00007ffdd8308000 	C:\windows\System32\bcrypt.dll
0x00007ffdd9f90000 - 0x00007ffdda0a4000 	C:\windows\System32\RPCRT4.dll
0x00007ffdd98b0000 - 0x00007ffdd9921000 	C:\windows\System32\WS2_32.dll
0x00007ffdd7f60000 - 0x00007ffdd7fad000 	C:\windows\SYSTEM32\POWRPROF.dll
0x00007ffdd36d0000 - 0x00007ffdd3704000 	C:\windows\SYSTEM32\WINMM.dll
0x00007ffdcf4a0000 - 0x00007ffdcf4aa000 	C:\windows\SYSTEM32\VERSION.dll
0x00007ffdd7f40000 - 0x00007ffdd7f53000 	C:\windows\SYSTEM32\UMPDC.dll
0x00007ffdd7250000 - 0x00007ffdd7268000 	C:\windows\SYSTEM32\kernel.appcore.dll
0x00007ffdd3860000 - 0x00007ffdd386a000 	C:\Program Files\Java\jdk-23\bin\jimage.dll
0x00007ffdd5a10000 - 0x00007ffdd5c42000 	C:\windows\SYSTEM32\DBGHELP.DLL
0x00007ffdd90c0000 - 0x00007ffdd944f000 	C:\windows\System32\combase.dll
0x00007ffdd9930000 - 0x00007ffdd9a07000 	C:\windows\System32\OLEAUT32.dll
0x00007ffdadd40000 - 0x00007ffdadd72000 	C:\windows\SYSTEM32\dbgcore.DLL
0x00007ffdd8480000 - 0x00007ffdd84fb000 	C:\windows\System32\bcryptPrimitives.dll
0x00007ffdd3870000 - 0x00007ffdd388e000 	C:\Program Files\Java\jdk-23\bin\java.dll
0x00007ffdd9a10000 - 0x00007ffdd9bb0000 	C:\windows\System32\ole32.dll
0x00007ffdda0d0000 - 0x00007ffdda947000 	C:\windows\System32\SHELL32.dll
0x00007ffdd6130000 - 0x00007ffdd6a40000 	C:\windows\SYSTEM32\windows.storage.dll
0x00007ffdd5ff0000 - 0x00007ffdd612f000 	C:\windows\SYSTEM32\wintypes.dll
0x00007ffdd9450000 - 0x00007ffdd9559000 	C:\windows\System32\SHCORE.dll
0x00007ffddaed0000 - 0x00007ffddaf2e000 	C:\windows\System32\shlwapi.dll
0x00007ffdd8170000 - 0x00007ffdd819b000 	C:\windows\SYSTEM32\profapi.dll
0x00007ffdb35c0000 - 0x00007ffdb3697000 	C:\Program Files\Java\jdk-23\bin\jsvml.dll
0x00007ffdd3850000 - 0x00007ffdd3860000 	C:\Program Files\Java\jdk-23\bin\net.dll
0x00007ffdd76e0000 - 0x00007ffdd7749000 	C:\windows\system32\mswsock.dll
0x00007ffdd3830000 - 0x00007ffdd3846000 	C:\Program Files\Java\jdk-23\bin\nio.dll
0x00007ffdd37f0000 - 0x00007ffdd3807000 	C:\Program Files\Java\jdk-23\bin\zip.dll
0x00007ffdb1d00000 - 0x00007ffdb1e8e000 	C:\Program Files\Java\jdk-23\bin\awt.dll
0x00007ffdd3210000 - 0x00007ffdd32a7000 	C:\windows\SYSTEM32\apphelp.dll
0x00007ffdd53d0000 - 0x00007ffdd5481000 	C:\windows\system32\uxtheme.dll
0x00007ffdd9bc0000 - 0x00007ffdd9d1f000 	C:\windows\System32\MSCTF.dll
0x00007ffdd5640000 - 0x00007ffdd566b000 	C:\windows\system32\DWMAPI.DLL
0x00007ffdb3530000 - 0x00007ffdb35b7000 	C:\Program Files\Java\jdk-23\bin\freetype.dll
0x00007ffdb1c20000 - 0x00007ffdb1cf7000 	C:\Program Files\Java\jdk-23\bin\fontmanager.dll
0x00007ffdb7160000 - 0x00007ffdb7260000 	C:\windows\system32\opengl32.dll
0x00007ffdb6da0000 - 0x00007ffdb6dcd000 	C:\windows\SYSTEM32\GLU32.dll
0x00007ffdd54f0000 - 0x00007ffdd5527000 	C:\windows\SYSTEM32\dxcore.dll
0x00007ffdb6dd0000 - 0x00007ffdb6f78000 	C:\windows\system32\d3d9.dll
0x00007ffdc02f0000 - 0x00007ffdc0310000 	C:\windows\System32\DriverStore\FileRepository\u0410212.inf_amd64_daae2c8b5eb35aaa\B409877\atidx9loader64.dll
0x00007ffd64180000 - 0x00007ffd67b2e000 	C:\windows\System32\DriverStore\FileRepository\u0410212.inf_amd64_daae2c8b5eb35aaa\B409877\AMDXN64.DLL
0x00007ffdda950000 - 0x00007ffddadc4000 	C:\windows\System32\SETUPAPI.dll
0x00007ffdd5530000 - 0x00007ffdd5627000 	C:\windows\SYSTEM32\dxgi.dll
0x00007ffdc7f20000 - 0x00007ffdc7f59000 	C:\windows\System32\DriverStore\FileRepository\u0410212.inf_amd64_daae2c8b5eb35aaa\B409877\amdihk64.dll
0x00007ffdcfc50000 - 0x00007ffdcfc99000 	C:\windows\SYSTEM32\directxdatabasehelper.dll
0x00007ffdd8e90000 - 0x00007ffdd8f40000 	C:\windows\System32\clbcatq.dll
0x00007ffdd51f0000 - 0x00007ffdd53a0000 	C:\windows\SYSTEM32\WindowsCodecs.dll
0x00007ffda5ea0000 - 0x00007ffda5efe000 	C:\windows\system32\dataexchange.dll
0x00007ffdd46f0000 - 0x00007ffdd4995000 	C:\windows\system32\twinapi.appcore.dll
0x00007ffdbce60000 - 0x00007ffdbcfa5000 	C:\windows\SYSTEM32\textinputframework.dll
0x00007ffdd2b00000 - 0x00007ffdd2c33000 	C:\windows\SYSTEM32\CoreMessaging.dll
0x00007ffdcf060000 - 0x00007ffdcf3cd000 	C:\windows\SYSTEM32\CoreUIComponents.dll
0x00007ffdd7950000 - 0x00007ffdd795c000 	C:\windows\SYSTEM32\CRYPTBASE.DLL
0x00007ffdd6d10000 - 0x00007ffdd6e12000 	C:\windows\SYSTEM32\DNSAPI.dll
0x00007ffdd6ce0000 - 0x00007ffdd6d0d000 	C:\windows\SYSTEM32\IPHLPAPI.DLL
0x00007ffdd9bb0000 - 0x00007ffdd9bb9000 	C:\windows\System32\NSI.dll
0x00007ffdd3720000 - 0x00007ffdd372a000 	C:\Windows\System32\rasadhlp.dll
0x00007ffdd35a0000 - 0x00007ffdd3623000 	C:\windows\System32\fwpuclnt.dll
0x00007ffdd37d0000 - 0x00007ffdd37d9000 	C:\Program Files\Java\jdk-23\bin\extnet.dll
0x00007ffdd7960000 - 0x00007ffdd797b000 	C:\windows\SYSTEM32\CRYPTSP.dll
0x00007ffdd71b0000 - 0x00007ffdd71e5000 	C:\windows\system32\rsaenh.dll
0x00007ffdd77f0000 - 0x00007ffdd7818000 	C:\windows\SYSTEM32\USERENV.dll
0x00007ffdc0230000 - 0x00007ffdc023e000 	C:\Program Files\Java\jdk-23\bin\sunmscapi.dll
0x00007ffdd8310000 - 0x00007ffdd8476000 	C:\windows\System32\CRYPT32.dll
0x00007ffdd7b80000 - 0x00007ffdd7bad000 	C:\windows\SYSTEM32\ncrypt.dll
0x00007ffdd7b40000 - 0x00007ffdd7b77000 	C:\windows\SYSTEM32\NTASN1.dll

dbghelp: loaded successfully - version: 4.0.5 - missing functions: none
symbol engine: initialized successfully - sym options: 0x614 - pdb path: .;C:\Program Files\Java\jdk-23\bin;C:\windows\SYSTEM32;C:\windows\WinSxS\amd64_microsoft.windows.common-controls_6595b64144ccf1df_6.0.22621.4580_none_2714e9b573810c40;C:\Program Files\Java\jdk-23\bin\server;C:\windows\System32\DriverStore\FileRepository\u0410212.inf_amd64_daae2c8b5eb35aaa\B409877

VM Arguments:
jvm_args: -Dfile.encoding=UTF-8 
java_command: aplikasi_kasir.dashboard_owner
java_class_path (initial): C:\Program Files\NetBeans-23\netbeans\java\modules\ext\AbsoluteLayout.jar;C:\Primary Data File\mysql-connector-j-9.0.0\mysql-connector-j-9.0.0\mysql-connector-j-9.0.0.jar;C:\Primary Data File\jar_files\itextpdf-5.5.13.jar;C:\Users\rifial\OneDrive\Dokumen\NetBeansProjects\Aplikasi_Kasir\build\classes
Launcher Type: SUN_STANDARD

[Global flags]
     intx CICompilerCount                          = 4                                         {product} {ergonomic}
     uint ConcGCThreads                            = 3                                         {product} {ergonomic}
     uint G1ConcRefinementThreads                  = 10                                        {product} {ergonomic}
   size_t G1HeapRegionSize                         = 2097152                                   {product} {ergonomic}
   size_t InitialHeapSize                          = 232783872                                 {product} {ergonomic}
   size_t MarkStackSize                            = 4194304                                   {product} {ergonomic}
   size_t MarkStackSizeMax                         = 536870912                                 {product} {ergonomic}
   size_t MaxHeapSize                              = 3707764736                                {product} {ergonomic}
   size_t MaxNewSize                               = 2222981120                                {product} {ergonomic}
   size_t MinHeapDeltaBytes                        = 2097152                                   {product} {ergonomic}
   size_t MinHeapSize                              = 8388608                                   {product} {ergonomic}
    uintx NonNMethodCodeHeapSize                   = 5832704                                {pd product} {ergonomic}
    uintx NonProfiledCodeHeapSize                  = 122945536                              {pd product} {ergonomic}
    uintx ProfiledCodeHeapSize                     = 122880000                              {pd product} {ergonomic}
    uintx ReservedCodeCacheSize                    = 251658240                              {pd product} {ergonomic}
     bool SegmentedCodeCache                       = true                                      {product} {ergonomic}
   size_t SoftMaxHeapSize                          = 3707764736                             {manageable} {ergonomic}
     bool UseCompressedOops                        = true                           {product lp64_product} {ergonomic}
     bool UseG1GC                                  = true                                      {product} {ergonomic}
     bool UseLargePagesIndividualAllocation        = false                                  {pd product} {ergonomic}

Logging:
Log output configuration:
 #0: stdout all=warning uptime,level,tags foldmultilines=false
 #1: stderr all=off uptime,level,tags foldmultilines=false

Environment Variables:
PATH=C:\Program Files\Python312\Scripts\;C:\Program Files\Python312\;C:\Program Files\Common Files\Oracle\Java\javapath;C:\windows\system32;C:\windows;C:\windows\System32\Wbem;C:\windows\System32\WindowsPowerShell\v1.0\;C:\windows\System32\OpenSSH\;C:\Program Files\HP\HP One Agent;C:\Program Files\Git\cmd;C:\Users\rifial\AppData\Roaming\Python\Python312\Scripts;C:\Users\rifial\AppData\Local\Microsoft\WindowsApps;C:\Users\rifial\AppData\Local\Programs\Microsoft VS Code\bin;C:\Program Files\JetBrains\IntelliJ IDEA Community Edition 2024.2.3\bin;
USERNAME=rifial
OS=Windows_NT
PROCESSOR_IDENTIFIER=AMD64 Family 25 Model 116 Stepping 1, AuthenticAMD
TMP=C:\Users\rifial\AppData\Local\Temp
TEMP=C:\Users\rifial\AppData\Local\Temp




Periodic native trim disabled

---------------  S Y S T E M  ---------------

OS:
 Windows 11 , 64 bit Build 22621 (10.0.22621.4655)
OS uptime: 0 days 11:04 hours
Hyper-V role detected

CPU: total 12 (initial active 12) (12 cores per cpu, 2 threads per core) family 25 model 116 stepping 1 microcode 0x0, cx8, cmov, fxsr, ht, mmx, 3dnowpref, sse, sse2, sse3, ssse3, sse4a, sse4.1, sse4.2, popcnt, lzcnt, tsc, tscinvbit, avx, avx2, aes, erms, clmul, bmi1, bmi2, adx, avx512f, avx512dq, avx512cd, avx512bw, avx512vl, sha, fma, vzeroupper, avx512_vpopcntdq, avx512_vpclmulqdq, avx512_vaes, avx512_vnni, clflush, clflushopt, avx512_vbmi2, avx512_vbmi, hv, rdtscp, rdpid, fsrm, gfni, avx512_bitalg, f16c, cet_ss, avx512_ifma
Processor Information for processor 0
  Max Mhz: 3201, Current Mhz: 2489, Mhz Limit: 3201
Processor Information for processor 1
  Max Mhz: 3201, Current Mhz: 2489, Mhz Limit: 3201
Processor Information for processor 2
  Max Mhz: 3201, Current Mhz: 2489, Mhz Limit: 3201
Processor Information for processor 3
  Max Mhz: 3201, Current Mhz: 2489, Mhz Limit: 3201
Processor Information for processor 4
  Max Mhz: 3201, Current Mhz: 2489, Mhz Limit: 3201
Processor Information for processor 5
  Max Mhz: 3201, Current Mhz: 2489, Mhz Limit: 3201
Processor Information for processor 6
  Max Mhz: 3201, Current Mhz: 2489, Mhz Limit: 3201
Processor Information for processor 7
  Max Mhz: 3201, Current Mhz: 2489, Mhz Limit: 3201
Processor Information for processor 8
  Max Mhz: 3201, Current Mhz: 2489, Mhz Limit: 3201
Processor Information for processor 9
  Max Mhz: 3201, Current Mhz: 2489, Mhz Limit: 3201
Processor Information for processor 10
  Max Mhz: 3201, Current Mhz: 3201, Mhz Limit: 3201
Processor Information for processor 11
  Max Mhz: 3201, Current Mhz: 2489, Mhz Limit: 3201

Memory: 4k page, system-wide physical 14141M (19M free)
TotalPageFile size 31141M (AvailPageFile size 6M)
current process WorkingSet (physical memory assigned to process): 265M, peak: 265M
current process commit charge ("private bytes"): 382M, peak: 581M

vm_info: Java HotSpot(TM) 64-Bit Server VM (23+37-2369) for windows-amd64 JRE (23+37-2369), built on 2024-08-20T16:01:23Z with MS VC++ 17.6 (VS2022)

END.
